<?xml version="1.0" encoding="UTF-8"?>
<!-- Generated by org.testng.reporters.JUnitReportReporter -->
<testsuite hostname="User-Pc" name="insuranceCalculator.Demotest" tests="1" failures="0" timestamp="29 Nov 2020 11:55:53 GMT" time="17.696" errors="0">
  <testcase name="homePageTitleTest" time="17.696" classname="insuranceCalculator.Demotest"/>
</testsuite> <!-- insuranceCalculator.Demotest -->
